0 info it worked if it ends with ok
1 verbose cli [ '/usr/bin/node', '/usr/bin/npm', 'publish' ]
2 info using npm@2.14.12
3 info using node@v4.3.1
4 verbose publish [ '.' ]
5 silly cache add args [ '.', null ]
6 verbose cache add spec .
7 silly cache add parsed spec Result {
7 silly cache add   raw: '.',
7 silly cache add   scope: null,
7 silly cache add   name: null,
7 silly cache add   rawSpec: '.',
7 silly cache add   spec: '/home/wilfried/dev/js/joobster',
7 silly cache add   type: 'directory' }
8 verbose addLocalDirectory /root/.npm/joobster/0.0.4/package.tgz not in flight; packing
9 verbose tar pack [ '/root/.npm/joobster/0.0.4/package.tgz',
9 verbose tar pack   '/home/wilfried/dev/js/joobster' ]
10 verbose tarball /root/.npm/joobster/0.0.4/package.tgz
11 verbose folder /home/wilfried/dev/js/joobster
12 info prepublish joobster@0.0.4
13 verbose addLocalTarball adding from inside cache /root/.npm/joobster/0.0.4/package.tgz
14 silly cache afterAdd joobster@0.0.4
15 verbose afterAdd /root/.npm/joobster/0.0.4/package/package.json not in flight; writing
16 verbose afterAdd /root/.npm/joobster/0.0.4/package/package.json written
17 silly publish { name: 'joobster',
17 silly publish   version: '0.0.4',
17 silly publish   description: 'Booster de projets JavaSript sous NodeJs/Gulp',
17 silly publish   repository:
17 silly publish    { type: 'git',
17 silly publish      url: 'git+https://github.com/wmoulin/threerestjoobster.git' },
17 silly publish   licenses: 'SEE LICENSE IN https://github.com/wmoulin/joobster/blob/master/LICENSE',
17 silly publish   keywords: [ 'gulp', 'mocha', 'babel', 'javascript', 'booster' ],
17 silly publish   dependencies:
17 silly publish    { 'babel-plugin-transform-decorators': '^6.6.5',
17 silly publish      'babel-plugin-transform-decorators-legacy': '^1.3.4',
17 silly publish      'babel-plugin-transform-es2015-modules-commonjs': '^6.7.7',
17 silly publish      'babel-plugin-transform-es2015-modules-systemjs': '^6.6.5',
17 silly publish      'babel-preset-es2015': '^6.6.0',
17 silly publish      'babel-preset-stage-0': '^6.5.0',
17 silly publish      'babel-preset-stage-1': '^6.5.0',
17 silly publish      chalk: '^1.1.3',
17 silly publish      commander: '^2.9.0',
17 silly publish      del: '^2.2.0',
17 silly publish      gulp: '^3.9.1',
17 silly publish      'gulp-babel': '^6.1.2',
17 silly publish      'gulp-eslint': '^2.0.0',
17 silly publish      'gulp-foreach': '^0.1.0',
17 silly publish      'gulp-istanbul': '^0.10.4',
17 silly publish      'gulp-jsdoc3': '^0.2.1',
17 silly publish      'gulp-mocha': '^2.2.0',
17 silly publish      'gulp-plumber': '^1.1.0',
17 silly publish      'gulp-replace': '^0.5.4',
17 silly publish      'gulp-sourcemaps': '^1.6.0',
17 silly publish      'gulp-tslint': '^4.3.5',
17 silly publish      'gulp-typescript': '^2.13.0',
17 silly publish      'gulp-uglify': '^1.5.3',
17 silly publish      'gulp-util': '^3.0.7',
17 silly publish      'gulp-watch': '^4.3.5',
17 silly publish      lodash: '^4.11.1',
17 silly publish      npm: '^3.8.8',
17 silly publish      'run-sequence': '^1.1.5' },
17 silly publish   bin: { joobster: './src/booster.js', jsr: './src/booster.js' },
17 silly publish   author: { name: 'wilfried Moulin' },
17 silly publish   readme: '# README\nWilfried Moulin\nv1.0, 2015-12-15\n\n## Description\n\n**joobster** est un booster de projet JavaScript (EcmaScript pour les puristes) et permet de masquer la complexité des différentes tâches nécessaires aux différentes phases de développement, en se rapprochant de la philosophie `maven`.\n\n## Installation\n\nIl faut au préalable installer NodeJs.\n\n### Depuis NPM, si je le publie un jour\n\n```shell\n$ npm install -g joobster\n```\n\n### Depuis les sources\n\nInstaller **joobster** de manière globale:\n - Se placer dans le dossier de *joobster*\n - Lancer la commande\n\n```shell\n$ npm install -g\n```\n\nInstaller **joobster** de manière locale:\n - Se placer dans le dossier de *joobster*\n - Lancer la commande\n\n```shell\n$ npm install\n```\n### Commandes\n\nAprès l\'installation, les commandes `joobster` et `jsr` (alias de la première) sont accessibles en globale dans la console nodeJs.\n\nUne aide est fournie en tapant la commande, donne la description de toutes les taches possibles.\n\n```shell\n$ jsr --help\n```\n\n Les options suivantes sont alors proposées:\n\n| Option        | Rôle                                                          |\n| ------------- | ------------------------------------------------------------- |\n| -h, --help    | Affiche l\'aide                                                |\n| -V, --version | Affiche la version du builder                                 |\n| -l, --log     | Initialise le niveau des logs (error)                         |\n| -d, --dir     | Permet d\'indiquer le répertoire du projet des tâches à lancer |\n| -f, --files   | Permet de lancer les tâches sur un filter donné               |\n\n\nPour lancer **joobster** depuis une install locale, une fois placé dans le répertoire de **joobster**, voici un exemple de commande :\n```shell\n$ node ./src/bosster <tache> -l debug -d \'path/to/project/dir\'\n```\n\n## Configurer un projet pour utiliser joobster\n\nSoit on utilise la configuration par défaut et le projet doit avoir une arboresence pârticulière, soit on paramètre **joobster** en ajoutant le fichier *joobster.json* à la racine du projet afin de modifier les valeurs par défaut.\n\nL\'objet de configuration par défaut :\n\n```json\n\t{ \n      projectDir : "./",\n      base : "src",\n      baseTst : "tst",\n      dir : "js",\n      fileFilter : "**/*.js",\n      outdir : "dist",\n      tmpDir : "tmp",\n      outdirMap: "maps",\n      compile : {\n          presets: [presetsObject["es2015"]],\n      }\n    }\n```\n\n```\nproject\n| + src\n| |\t+ js\n| + tst\n| |\t+ js\n```\n\n## Les tâches fournies par joobster\n\n### Les tâches de gestion des dépendances\n\nIl va fournir des tâches se rapprochant de la philosophie `maven` pour simplifier et pérenniser la gestion des dépendances en les fixant (sans ^, ~ ou *) afin de pérenniser les versions.\n\n| Tâche         | Rôle                                                               | Dépendances |\n| ------------- | ------------------------------------------------------------------ | ----------- |\n\n### Les tâches de JavaScript (suffixe :js)\n\n| Tâche         | Rôle                                                                           | Dépendances |\n| ------------- | ------------------------------------------------------------------------------ | ----------- |\n| clean:js      | Suppression des fichiers de transpilation (dist/js et dist/maps/js) avec Babel |             |\n| compile:js    | Transpilation JavaScript -> dist/js et dist/maps/js                            | clean:js    |\n| validate:js   | Lancement de l\'analyse EsLint                                                  |             |\n| test:js       | Lancement des tests unitaires (test/js) basé sur Mocha                         |             |\n| watch:js      | Lancement d\'un watcher sur les fichiers js pour transpilation                  |             |\n\n### Les tâches de TypeScript (suffixe :ts)\n\n| Tâche         | Rôle                                                               | Dépendances |\n| ------------- | ------------------------------------------------------------------ | ----------- |\n| clean:ts      | Suppression des fichiers de transpilation (dist/ts et dist/maps/ts |             |\n| compile:ts    | Transpilation JavaScript -> dist/ts et dist/maps/ts                | clean:js    |\n| validate:ts   | Lancement de l\'analyse TsLint                                      |             |\n| test:ts       | Lancement des tests unitaires (test/ts) basé sur Mocha             |             |\n| watch:ts      | Lancement d\'un watcher sur les fichiers js pour transpilation      |             |\n\n### Lancement de l\'application sous node\n\n| Tâche         | Rôle                                                               | Dépendances |\n| ------------- | ------------------------------------------------------------------ | ----------- |\n\n### Construction des livrables\n\n| Tâche         | Rôle                                                               | Dépendances |\n| ------------- | ------------------------------------------------------------------ | ----------- |\n',
17 silly publish   readmeFilename: 'README.md',
17 silly publish   gitHead: '07d800daa92c0db363eb09edb7aab8783e905fa1',
17 silly publish   bugs: { url: 'https://github.com/wmoulin/threerestjoobster/issues' },
17 silly publish   homepage: 'https://github.com/wmoulin/threerestjoobster#readme',
17 silly publish   _id: 'joobster@0.0.4',
17 silly publish   scripts: {},
17 silly publish   _shasum: '5f0419ca2e77cc078d1a58320f3c7150f97ffcb6',
17 silly publish   _from: '.' }
18 verbose getPublishConfig undefined
19 silly mapToRegistry name joobster
20 silly mapToRegistry using default registry
21 silly mapToRegistry registry https://registry.npmjs.org/
22 silly mapToRegistry uri https://registry.npmjs.org/joobster
23 verbose publish registryBase https://registry.npmjs.org/
24 silly publish uploading /root/.npm/joobster/0.0.4/package.tgz
25 verbose request uri https://registry.npmjs.org/joobster
26 verbose request sending authorization for write operation
27 info attempt registry request try #1 at 23:08:50
28 verbose request using bearer token for auth
29 verbose request id 3e99318582192905
30 http request PUT https://registry.npmjs.org/joobster
31 http 403 https://registry.npmjs.org/joobster
32 verbose headers { 'content-type': 'application/json',
32 verbose headers   'cache-control': 'max-age=300',
32 verbose headers   'content-length': '95',
32 verbose headers   'accept-ranges': 'bytes',
32 verbose headers   date: 'Sat, 23 Apr 2016 19:08:50 GMT',
32 verbose headers   via: '1.1 varnish',
32 verbose headers   connection: 'keep-alive',
32 verbose headers   'x-served-by': 'cache-fra1228-FRA',
32 verbose headers   'x-cache': 'MISS',
32 verbose headers   'x-cache-hits': '0',
32 verbose headers   'x-timer': 'S1461438528.696655,VS0,VE1483',
32 verbose headers   vary: 'Accept-Encoding' }
33 verbose request invalidating /root/.npm/registry.npmjs.org/joobster on PUT
34 error publish Failed PUT 403
35 verbose stack Error: "You cannot publish over the previously published version 0.0.4." : joobster
35 verbose stack     at makeError (/usr/lib64/node_modules/npm/node_modules/npm-registry-client/lib/request.js:264:12)
35 verbose stack     at CachingRegistryClient.<anonymous> (/usr/lib64/node_modules/npm/node_modules/npm-registry-client/lib/request.js:252:14)
35 verbose stack     at Request._callback (/usr/lib64/node_modules/npm/node_modules/npm-registry-client/lib/request.js:172:14)
35 verbose stack     at Request.self.callback (/usr/lib64/node_modules/npm/node_modules/request/request.js:198:22)
35 verbose stack     at emitTwo (events.js:87:13)
35 verbose stack     at Request.emit (events.js:172:7)
35 verbose stack     at Request.<anonymous> (/usr/lib64/node_modules/npm/node_modules/request/request.js:1082:10)
35 verbose stack     at emitOne (events.js:82:20)
35 verbose stack     at Request.emit (events.js:169:7)
35 verbose stack     at IncomingMessage.<anonymous> (/usr/lib64/node_modules/npm/node_modules/request/request.js:1009:12)
36 verbose statusCode 403
37 verbose pkgid joobster
38 verbose cwd /home/wilfried/dev/js/joobster
39 error Linux 4.1.12-1-default
40 error argv "/usr/bin/node" "/usr/bin/npm" "publish"
41 error node v4.3.1
42 error npm  v2.14.12
43 error code E403
44 error "You cannot publish over the previously published version 0.0.4." : joobster
45 error If you need help, you may report this error at:
45 error     <https://github.com/npm/npm/issues>
46 verbose exit [ 1, true ]
